2024-07-07T15:28:15.907+01:00  INFO 91337 --- [main] i.g.w.t.TamingThymeleafCliApplication    : Starting AOT-processed TamingThymeleafCliApplication using Java 21.0.3 with PID 91337 (/opt/homebrew/Cellar/ttcli/1.3.1/libexec/bin/ttcli started by tma24 in /Users/tma24/private_projects)
2024-07-07T15:28:15.907+01:00  INFO 91337 --- [main] i.g.w.t.TamingThymeleafCliApplication    : No active profile set, falling back to 1 default profile: "default"
2024-07-07T15:28:15.996+01:00  INFO 91337 --- [main] i.g.w.t.TamingThymeleafCliApplication    : Started TamingThymeleafCliApplication in 0.118 seconds (process running for 0.143)
2024-07-07T15:28:16.158+01:00 ERROR 91337 --- [main] i.n.r.d.DnsServerAddressStreamProviders  : Unable to load io.netty.resolver.dns.macos.MacOSDnsServerAddressStreamProvider, fallback to system defaults. This may result in incorrect DNS resolutions on MacOS. Check whether you have a dependency on 'io.netty:netty-resolver-dns-native-macos'. Use DEBUG level to see the full stack: java.lang.UnsatisfiedLinkError: failed to load the required native library
2024-07-07T15:29:15.491+01:00  INFO 91596 --- [main] i.g.w.t.TamingThymeleafCliApplication    : Starting AOT-processed TamingThymeleafCliApplication using Java 21.0.3 with PID 91596 (/opt/homebrew/Cellar/ttcli/1.3.1/libexec/bin/ttcli started by tma24 in /Users/tma24/private_projects)
2024-07-07T15:29:15.491+01:00  INFO 91596 --- [main] i.g.w.t.TamingThymeleafCliApplication    : No active profile set, falling back to 1 default profile: "default"
2024-07-07T15:29:15.637+01:00  INFO 91596 --- [main] i.g.w.t.TamingThymeleafCliApplication    : Started TamingThymeleafCliApplication in 0.211 seconds (process running for 0.276)
2024-07-07T15:29:15.679+01:00 ERROR 91596 --- [main] i.n.r.d.DnsServerAddressStreamProviders  : Unable to load io.netty.resolver.dns.macos.MacOSDnsServerAddressStreamProvider, fallback to system defaults. This may result in incorrect DNS resolutions on MacOS. Check whether you have a dependency on 'io.netty:netty-resolver-dns-native-macos'. Use DEBUG level to see the full stack: java.lang.UnsatisfiedLinkError: failed to load the required native library
2024-07-07T15:29:50.323+01:00  INFO 91757 --- [main] i.g.w.t.TamingThymeleafCliApplication    : Starting AOT-processed TamingThymeleafCliApplication using Java 21.0.3 with PID 91757 (/opt/homebrew/Cellar/ttcli/1.3.1/libexec/bin/ttcli started by tma24 in /Users/tma24/private_projects)
2024-07-07T15:29:50.324+01:00  INFO 91757 --- [main] i.g.w.t.TamingThymeleafCliApplication    : No active profile set, falling back to 1 default profile: "default"
2024-07-07T15:29:50.470+01:00  INFO 91757 --- [main] i.g.w.t.TamingThymeleafCliApplication    : Started TamingThymeleafCliApplication in 0.262 seconds (process running for 0.394)
2024-07-07T15:29:50.513+01:00 ERROR 91757 --- [main] i.n.r.d.DnsServerAddressStreamProviders  : Unable to load io.netty.resolver.dns.macos.MacOSDnsServerAddressStreamProvider, fallback to system defaults. This may result in incorrect DNS resolutions on MacOS. Check whether you have a dependency on 'io.netty:netty-resolver-dns-native-macos'. Use DEBUG level to see the full stack: java.lang.UnsatisfiedLinkError: failed to load the required native library
2024-07-07T15:30:30.295+01:00  INFO 91962 --- [main] i.g.w.t.TamingThymeleafCliApplication    : Starting AOT-processed TamingThymeleafCliApplication using Java 21.0.3 with PID 91962 (/opt/homebrew/Cellar/ttcli/1.3.1/libexec/bin/ttcli started by tma24 in /Users/tma24/private_projects)
2024-07-07T15:30:30.296+01:00  INFO 91962 --- [main] i.g.w.t.TamingThymeleafCliApplication    : No active profile set, falling back to 1 default profile: "default"
2024-07-07T15:30:30.448+01:00  INFO 91962 --- [main] i.g.w.t.TamingThymeleafCliApplication    : Started TamingThymeleafCliApplication in 0.285 seconds (process running for 0.402)
2024-07-07T15:30:30.497+01:00 ERROR 91962 --- [main] i.n.r.d.DnsServerAddressStreamProviders  : Unable to load io.netty.resolver.dns.macos.MacOSDnsServerAddressStreamProvider, fallback to system defaults. This may result in incorrect DNS resolutions on MacOS. Check whether you have a dependency on 'io.netty:netty-resolver-dns-native-macos'. Use DEBUG level to see the full stack: java.lang.UnsatisfiedLinkError: failed to load the required native library
2024-07-07T15:32:34.846+01:00  INFO 93199 --- [main] i.g.w.t.TamingThymeleafCliApplication    : Starting AOT-processed TamingThymeleafCliApplication using Java 21.0.3 with PID 93199 (/opt/homebrew/Cellar/ttcli/1.3.1/libexec/bin/ttcli started by tma24 in /Users/tma24/private_projects)
2024-07-07T15:32:34.847+01:00  INFO 93199 --- [main] i.g.w.t.TamingThymeleafCliApplication    : No active profile set, falling back to 1 default profile: "default"
2024-07-07T15:32:34.911+01:00  INFO 93199 --- [main] i.g.w.t.TamingThymeleafCliApplication    : Started TamingThymeleafCliApplication in 0.092 seconds (process running for 0.109)
2024-07-07T15:32:34.935+01:00 ERROR 93199 --- [main] i.n.r.d.DnsServerAddressStreamProviders  : Unable to load io.netty.resolver.dns.macos.MacOSDnsServerAddressStreamProvider, fallback to system defaults. This may result in incorrect DNS resolutions on MacOS. Check whether you have a dependency on 'io.netty:netty-resolver-dns-native-macos'. Use DEBUG level to see the full stack: java.lang.UnsatisfiedLinkError: failed to load the required native library
2024-07-07T15:36:16.607+01:00  INFO 94480 --- [main] i.g.w.t.TamingThymeleafCliApplication    : Starting AOT-processed TamingThymeleafCliApplication using Java 21.0.3 with PID 94480 (/opt/homebrew/Cellar/ttcli/1.3.1/libexec/bin/ttcli started by tma24 in /Users/tma24/private_projects)
2024-07-07T15:36:16.608+01:00  INFO 94480 --- [main] i.g.w.t.TamingThymeleafCliApplication    : No active profile set, falling back to 1 default profile: "default"
2024-07-07T15:36:16.740+01:00  INFO 94480 --- [main] i.g.w.t.TamingThymeleafCliApplication    : Started TamingThymeleafCliApplication in 0.261 seconds (process running for 0.361)
2024-07-07T15:36:16.821+01:00 ERROR 94480 --- [main] i.n.r.d.DnsServerAddressStreamProviders  : Unable to load io.netty.resolver.dns.macos.MacOSDnsServerAddressStreamProvider, fallback to system defaults. This may result in incorrect DNS resolutions on MacOS. Check whether you have a dependency on 'io.netty:netty-resolver-dns-native-macos'. Use DEBUG level to see the full stack: java.lang.UnsatisfiedLinkError: failed to load the required native library
2024-07-07T15:36:47.747+01:00  INFO 94702 --- [main] i.g.w.t.TamingThymeleafCliApplication    : Starting AOT-processed TamingThymeleafCliApplication using Java 21.0.3 with PID 94702 (/opt/homebrew/Cellar/ttcli/1.3.1/libexec/bin/ttcli started by tma24 in /Users/tma24/private_projects)
2024-07-07T15:36:47.747+01:00  INFO 94702 --- [main] i.g.w.t.TamingThymeleafCliApplication    : No active profile set, falling back to 1 default profile: "default"
2024-07-07T15:36:47.876+01:00  INFO 94702 --- [main] i.g.w.t.TamingThymeleafCliApplication    : Started TamingThymeleafCliApplication in 0.241 seconds (process running for 0.33)
2024-07-07T15:36:47.922+01:00 ERROR 94702 --- [main] i.n.r.d.DnsServerAddressStreamProviders  : Unable to load io.netty.resolver.dns.macos.MacOSDnsServerAddressStreamProvider, fallback to system defaults. This may result in incorrect DNS resolutions on MacOS. Check whether you have a dependency on 'io.netty:netty-resolver-dns-native-macos'. Use DEBUG level to see the full stack: java.lang.UnsatisfiedLinkError: failed to load the required native library
2024-07-07T15:37:24.777+01:00  INFO 94863 --- [main] i.g.w.t.TamingThymeleafCliApplication    : Starting AOT-processed TamingThymeleafCliApplication using Java 21.0.3 with PID 94863 (/opt/homebrew/Cellar/ttcli/1.3.1/libexec/bin/ttcli started by root in /Users/tma24/private_projects)
2024-07-07T15:37:24.778+01:00  INFO 94863 --- [main] i.g.w.t.TamingThymeleafCliApplication    : No active profile set, falling back to 1 default profile: "default"
2024-07-07T15:37:24.906+01:00  INFO 94863 --- [main] i.g.w.t.TamingThymeleafCliApplication    : Started TamingThymeleafCliApplication in 0.231 seconds (process running for 0.334)
2024-07-07T15:37:35.969+01:00  INFO 94941 --- [main] i.g.w.t.TamingThymeleafCliApplication    : Starting AOT-processed TamingThymeleafCliApplication using Java 21.0.3 with PID 94941 (/opt/homebrew/Cellar/ttcli/1.3.1/libexec/bin/ttcli started by root in /Users/tma24/private_projects)
2024-07-07T15:37:35.969+01:00  INFO 94941 --- [main] i.g.w.t.TamingThymeleafCliApplication    : No active profile set, falling back to 1 default profile: "default"
2024-07-07T15:37:36.110+01:00  INFO 94941 --- [main] i.g.w.t.TamingThymeleafCliApplication    : Started TamingThymeleafCliApplication in 0.253 seconds (process running for 0.352)
2024-07-07T15:37:36.149+01:00 ERROR 94941 --- [main] i.n.r.d.DnsServerAddressStreamProviders  : Unable to load io.netty.resolver.dns.macos.MacOSDnsServerAddressStreamProvider, fallback to system defaults. This may result in incorrect DNS resolutions on MacOS. Check whether you have a dependency on 'io.netty:netty-resolver-dns-native-macos'. Use DEBUG level to see the full stack: java.lang.UnsatisfiedLinkError: failed to load the required native library
